<?xml version="1.0" encoding="UTF-8"?>
<!-- Generated by org.testng.reporters.JUnitXMLReporter -->
<testsuite ignored="0" hostname="LAPTOP-RLBPP581" failures="0" tests="1" name="Test" time="0.151" errors="0" timestamp="2022-02-26T11:56:43 IST">
  <testcase classname="Test.Testloginpage" name="@BeforeTest LaunchBrowser" time="-1.645856802886E9">
    <failure type="org.testng.TestNGException" message="
Parameter &amp;apos;browser&amp;apos; is required by BeforeTest on method LaunchBrowser but has not been marked @Optional or defined
in C:\Users\balaji\eclipse-workspace\Flightsearchfunction\testng.xml">
      <![CDATA[org.testng.TestNGException: 
Parameter 'browser' is required by BeforeTest on method LaunchBrowser but has not been marked @Optional or defined
in C:\Users\balaji\eclipse-workspace\Flightsearchfunction\testng.xml
... Removed 21 stack frames]]>
    </failure>
  </testcase> <!-- @BeforeTest LaunchBrowser -->
  <testcase classname="Test.Testloginpage" name="@BeforeClass initilizationpomclasses" time="-1.645856802961E9">
    <skipped/>
  </testcase> <!-- @BeforeClass initilizationpomclasses -->
  <testcase classname="Test.Testloginpage" name="@BeforeMethod loginpage" time="-1.645856802996E9">
    <skipped/>
  </testcase> <!-- @BeforeMethod loginpage -->
  <testcase classname="Test.Testloginpage" name="@AfterClass Clearobject" time="-1.645856803016E9">
    <skipped/>
  </testcase> <!-- @AfterClass Clearobject -->
  <testcase classname="Test.Testloginpage" name="@AfterTest closeBrowser" time="-1.645856803022E9">
    <skipped/>
  </testcase> <!-- @AfterTest closeBrowser -->
  <testcase classname="Test.Testloginpage" name="signupPagdetails" time="0.0">
    <skipped/>
  </testcase> <!-- signupPagdetails -->
</testsuite> <!-- Test -->
